<?xml version="1.0" encoding="UTF-8"?>
<testsuite xmlns:xsi="http://www.w3.org/2001/XMLSchema-instance" xsi:noNamespaceSchemaLocation="https://maven.apache.org/surefire/maven-surefire-plugin/xsd/surefire-test-report-3.0.xsd" version="3.0" name="AdventureTest" time="0.124" tests="4" errors="0" skipped="0" failures="0">
  <properties>
[...]
</properties>
  <testcase name="testMoodMeterDepressed" classname="AdventureTest" time="0.021">
    <system-out><![CDATA[when mood is at 0 the mood is depressed
when mood is at 2 the mood is depressed
]]></system-out>
  </testcase>
  <testcase name="testMoodMeterOk" classname="AdventureTest" time="0.003">
    <system-out><![CDATA[when mood is at 3 the mood is ok
when mood is at 5 the mood is ok
]]></system-out>
  </testcase>
  <testcase name="testMoodMeterUnknown" classname="AdventureTest" time="0.005">
    <system-out><![CDATA[when mood is at -1 the mood is unknown
when mood is at 11 the mood is unknown
]]></system-out>
  </testcase>
  <testcase name="testMoodMeterHappy" classname="AdventureTest" time="0.003">
    <system-out><![CDATA[when mood is at 6 the mood is happy
when mood is at 10 the mood is happy
]]></system-out>
  </testcase>
</testsuite>