<?xml version="1.0" encoding="UTF-8"?>
<testsuite xmlns:xsi="http://www.w3.org/2001/XMLSchema-instance" xsi:noNamespaceSchemaLocation="https://maven.apache.org/surefire/maven-surefire-plugin/xsd/surefire-test-report-3.0.xsd" version="3.0" name="AdventureTest" time="0.144" tests="7" errors="0" skipped="0" failures="0">
  <properties>
[...]
</properties>
  <testcase name="testJourneyProgress" classname="AdventureTest" time="0.039">
    <system-out><![CDATA[
You continue your journey...
You encountered a peaceful meadow. You feel rejuvenated.
You gained 10 HP.
Journey Progress: 1 miles.
Your current health is: 100 HP.
Journey progress increased to: 1
]]></system-out>
  </testcase>
  <testcase name="testHealingNotExceedingMax" classname="AdventureTest" time="0.002">
    <system-out><![CDATA[You lost 10 HP.
You gained 20 HP.
Healing should not exceed 100 HP, and it's currently: 100 HP.
]]></system-out>
  </testcase>
  <testcase name="testNoHealthBelowZero" classname="AdventureTest" time="0.005">
    <system-out><![CDATA[You lost 150 HP.
You have no health left! Game over.
Health should not go below 0, and it's currently: 0 HP.
]]></system-out>
  </testcase>
  <testcase name="testBankruptcy" classname="AdventureTest" time="0.001">
    <system-out><![CDATA[You've gone bankrupt. Your life level is now 0.
After declaring bankruptcy, health is 0 HP.
]]></system-out>
  </testcase>
  <testcase name="testHealthAfterDamage" classname="AdventureTest" time="0.002">
    <system-out><![CDATA[You lost 30 HP.
After taking damage, health is 70 HP.
]]></system-out>
  </testcase>
  <testcase name="testHealthAfterHealing" classname="AdventureTest" time="0.003">
    <system-out><![CDATA[You lost 50 HP.
You gained 20 HP.
After healing, health is 70 HP.
]]></system-out>
  </testcase>
  <testcase name="testInitialHealth" classname="AdventureTest" time="0.001">
    <system-out><![CDATA[Initial health is 100 HP.
]]></system-out>
  </testcase>
</testsuite>