<?xml version="1.0" encoding="UTF-8"?>
<testsuite xmlns:xsi="http://www.w3.org/2001/XMLSchema-instance" xsi:noNamespaceSchemaLocation="https://maven.apache.org/surefire/maven-surefire-plugin/xsd/surefire-test-report.xsd" name="KnightsQuestTest" time="0.109" tests="66" errors="0" skipped="0" failures="0">
  <properties>
[...]
</properties>
  <testcase name="testPlayerHpExceedsMaxHp" classname="KnightsQuestTest" time="0.006"/>
  <testcase name="testEnemyAttackReducesPlayerHp" classname="KnightsQuestTest" time="0"/>
  <testcase name="testEnemyDropsItem" classname="KnightsQuestTest" time="0"/>
  <testcase name="testFinalStageVictory" classname="KnightsQuestTest" time="0.008"/>
  <testcase name="testPlayerInitialization" classname="KnightsQuestTest" time="0"/>
  <testcase name="testMoveToNonExistentRoom" classname="KnightsQuestTest" time="0.001"/>
  <testcase name="testEnemyDropsMultipleItems" classname="KnightsQuestTest" time="0"/>
  <testcase name="testRoomExitConnections" classname="KnightsQuestTest" time="0.002"/>
  <testcase name="testPlayerDefeatsAllEnemies" classname="KnightsQuestTest" time="0"/>
  <testcase name="testEnemyCriticalHit" classname="KnightsQuestTest" time="0"/>
  <testcase name="testInventoryLimit" classname="KnightsQuestTest" time="0.001"/>
  <testcase name="testEnemyAttack" classname="KnightsQuestTest" time="0"/>
  <testcase name="testGameOver" classname="KnightsQuestTest" time="0.001"/>
  <testcase name="testRoomDescriptionWithEnemy" classname="KnightsQuestTest" time="0"/>
  <testcase name="testRoomDescriptionWithExits" classname="KnightsQuestTest" time="0.003"/>
  <testcase name="testRoomDescriptionWithItems" classname="KnightsQuestTest" time="0.001"/>
  <testcase name="testEnemyAttackDescription" classname="KnightsQuestTest" time="0"/>
  <testcase name="testEnemyAttackReducesPlayerHpToZero" classname="KnightsQuestTest" time="0.001"/>
  <testcase name="testEnemyInitialization" classname="KnightsQuestTest" time="0"/>
  <testcase name="testPlayerInSafeRoom" classname="KnightsQuestTest" time="0.001"/>
  <testcase name="testHealingPotionMaxHP" classname="KnightsQuestTest" time="0"/>
  <testcase name="testInventoryManagement" classname="KnightsQuestTest" time="0.001"/>
  <testcase name="testPlayerMoveRoom" classname="KnightsQuestTest" time="0"/>
  <testcase name="testUseNonExistentItem" classname="KnightsQuestTest" time="0"/>
  <testcase name="testFinalBossVictoryCondition" classname="KnightsQuestTest" time="0"/>
  <testcase name="testAddingMultipleItems" classname="KnightsQuestTest" time="0"/>
  <testcase name="testPlayerInventoryAfterRemovingItem" classname="KnightsQuestTest" time="0.003"/>
  <testcase name="testPlayerUseHealingPotion" classname="KnightsQuestTest" time="0"/>
  <testcase name="testBossDefeatTriggersVictory" classname="KnightsQuestTest" time="0"/>
  <testcase name="testEnemyAttackLogic" classname="KnightsQuestTest" time="0.001"/>
  <testcase name="testNpcInteraction" classname="KnightsQuestTest" time="0"/>
  <testcase name="testAddItemToRoom" classname="KnightsQuestTest" time="0"/>
  <testcase name="testHealingPotionRestoration" classname="KnightsQuestTest" time="0"/>
  <testcase name="testPlayerUsingMultipleItems" classname="KnightsQuestTest" time="0"/>
  <testcase name="testEnemyCannotAttackWhenDefeated" classname="KnightsQuestTest" time="0"/>
  <testcase name="testMoveToRoomWithEnemy" classname="KnightsQuestTest" time="0.001"/>
  <testcase name="testEnemyInitializationWithBossFlag" classname="KnightsQuestTest" time="0"/>
  <testcase name="testSafeRoomDescription" classname="KnightsQuestTest" time="0"/>
  <testcase name="testPlayerHealthDropsToZeroInBattle" classname="KnightsQuestTest" time="0.001"/>
  <testcase name="testHealingPotionEffect" classname="KnightsQuestTest" time="0"/>
  <testcase name="testFleeBattle" classname="KnightsQuestTest" time="0"/>
  <testcase name="testVictoryInBossBattle" classname="KnightsQuestTest" time="0.001"/>
  <testcase name="testStageProgression" classname="KnightsQuestTest" time="0"/>
  <testcase name="testEnemyMovesBetweenRooms" classname="KnightsQuestTest" time="0.001"/>
  <testcase name="testRoomDescriptionAfterTakingItem" classname="KnightsQuestTest" time="0"/>
  <testcase name="testEnemyDefeatLeavesRoomEmpty" classname="KnightsQuestTest" time="0"/>
  <testcase name="testRemoveItemFromRoom" classname="KnightsQuestTest" time="0"/>
  <testcase name="testPlayerDefeatsBoss" classname="KnightsQuestTest" time="0"/>
  <testcase name="testPlayerTakeDamage" classname="KnightsQuestTest" time="0.001"/>
  <testcase name="testCannotFleeBossBattle" classname="KnightsQuestTest" time="0"/>
  <testcase name="testPlayerTakeDamageAndDefeatEnemy" classname="KnightsQuestTest" time="0"/>
  <testcase name="testPlayerVictoryInBattle" classname="KnightsQuestTest" time="0"/>
  <testcase name="testPlayerMovesToExitRoom" classname="KnightsQuestTest" time="0.001"/>
  <testcase name="testEmptyRoomDescription" classname="KnightsQuestTest" time="0.001"/>
  <testcase name="testPlayerPickupItem" classname="KnightsQuestTest" time="0"/>
  <testcase name="testTakingItemFromRoom" classname="KnightsQuestTest" time="0"/>
  <testcase name="testEnemyTakeDamage" classname="KnightsQuestTest" time="0.001"/>
  <testcase name="testCriticalHitChance" classname="KnightsQuestTest" time="0"/>
  <testcase name="testBossEnemyTakesDamage" classname="KnightsQuestTest" time="0"/>
  <testcase name="testPlayerCurrentRoomAfterMove" classname="KnightsQuestTest" time="0.001"/>
  <testcase name="testDungeonResetsAfterDefeat" classname="KnightsQuestTest" time="0"/>
  <testcase name="testRoomConnections" classname="KnightsQuestTest" time="0"/>
  <testcase name="testPlayerReachesNewStage" classname="KnightsQuestTest" time="0.001"/>
  <testcase name="testRoomInitialization" classname="KnightsQuestTest" time="0.001"/>
  <testcase name="testSafeRoomAllowsRest" classname="KnightsQuestTest" time="0"/>
  <testcase name="testMoveToSafeRoom" classname="KnightsQuestTest" time="0"/>
</testsuite>