<?xml version="1.0" encoding="UTF-8"?>
<testsuite xmlns:xsi="http://www.w3.org/2001/XMLSchema-instance" xsi:noNamespaceSchemaLocation="https://maven.apache.org/surefire/maven-surefire-plugin/xsd/surefire-test-report-3.0.xsd" version="3.0" name="ShadowLabyrinthTest" time="25.965" tests="76" errors="0" skipped="0" failures="0">
  <properties>
[...]
</properties>
  <testcase name="test17_Tier1PotionPrices" classname="ShadowLabyrinthTest" time="0.014"/>
  <testcase name="test6_InitialWeaponEquipped" classname="ShadowLabyrinthTest" time="0.001"/>
  <testcase name="test8_InitialArmorReduction" classname="ShadowLabyrinthTest" time="0.0"/>
  <testcase name="test13_Tier1WeaponDamage" classname="ShadowLabyrinthTest" time="0.0"/>
  <testcase name="test34_EnemyHPTier4" classname="ShadowLabyrinthTest" time="0.0"/>
  <testcase name="test10_InitialPurchasedItemsEmpty" classname="ShadowLabyrinthTest" time="0.0"/>
  <testcase name="test22_InsufficientFundsArmor" classname="ShadowLabyrinthTest" time="0.006">
    <system-out><![CDATA[Not enough coins!
]]></system-out>
  </testcase>
  <testcase name="test29_MegaPotionHealing" classname="ShadowLabyrinthTest" time="0.0"/>
  <testcase name="test39_Tier3ArmorUnlock" classname="ShadowLabyrinthTest" time="0.0"/>
  <testcase name="test59_HighestTierWeaponAvailability" classname="ShadowLabyrinthTest" time="0.0"/>
  <testcase name="testRoomTriggers" classname="ShadowLabyrinthTest" time="0.0"/>
  <testcase name="testItemCount" classname="ShadowLabyrinthTest" time="0.007">
    <system-out><![CDATA[Total unique items: 26
]]></system-out>
  </testcase>
  <testcase name="test36_Tier2WeaponsUnlock" classname="ShadowLabyrinthTest" time="0.001"/>
  <testcase name="test5_InitialWeaponDamage" classname="ShadowLabyrinthTest" time="0.0"/>
  <testcase name="test47_MultipleArmorInventory" classname="ShadowLabyrinthTest" time="2.932">
    <system-out><![CDATA[You purchased and equipped Stick Armor!
You purchased and equipped Lead Armor!
]]></system-out>
  </testcase>
  <testcase name="test20_PotionPurchaseSuccess" classname="ShadowLabyrinthTest" time="1.986">
    <system-out><![CDATA[You purchased Small Potion (heals 5 HP) for 5 coins!
]]></system-out>
  </testcase>
  <testcase name="test33_EnemyHPTier3" classname="ShadowLabyrinthTest" time="0.0"/>
  <testcase name="test19_ArmorPurchaseSuccess" classname="ShadowLabyrinthTest" time="1.477">
    <system-out><![CDATA[You purchased and equipped Stick Armor!
]]></system-out>
  </testcase>
  <testcase name="test28_LargePotionHealing" classname="ShadowLabyrinthTest" time="0.0"/>
  <testcase name="test63_StartingRoom" classname="ShadowLabyrinthTest" time="0.001"/>
  <testcase name="test66_Tier1ArmorCost" classname="ShadowLabyrinthTest" time="0.0"/>
  <testcase name="test61_InitialVictoryState" classname="ShadowLabyrinthTest" time="0.001"/>
  <testcase name="test48_MultiplePotionInventory" classname="ShadowLabyrinthTest" time="3.947">
    <system-out><![CDATA[You purchased Small Potion (heals 5 HP) for 5 coins!
You purchased Small Potion (heals 5 HP) for 5 coins!
]]></system-out>
  </testcase>
  <testcase name="test64_RoomProgression" classname="ShadowLabyrinthTest" time="0.0"/>
  <testcase name="test42_BaseEnemyDamage" classname="ShadowLabyrinthTest" time="0.001"/>
  <testcase name="test32_EnemyHPTier2" classname="ShadowLabyrinthTest" time="0.0"/>
  <testcase name="test38_Tier2ArmorUnlock" classname="ShadowLabyrinthTest" time="0.0"/>
  <testcase name="test12_Tier1WeaponPrices" classname="ShadowLabyrinthTest" time="0.0"/>
  <testcase name="test15_Tier1ArmorPrices" classname="ShadowLabyrinthTest" time="0.001"/>
  <testcase name="test60_HighestTierArmorAvailability" classname="ShadowLabyrinthTest" time="0.0"/>
  <testcase name="test2_InitialPlayerCoins" classname="ShadowLabyrinthTest" time="0.0"/>
  <testcase name="test46_MultipleWeaponInventory" classname="ShadowLabyrinthTest" time="1.946">
    <system-out><![CDATA[You purchased Stick Sword!
You purchased Leaf Sword!
]]></system-out>
  </testcase>
  <testcase name="test4_InitialRescueState" classname="ShadowLabyrinthTest" time="0.0"/>
  <testcase name="testRoomCount" classname="ShadowLabyrinthTest" time="0.0"/>
  <testcase name="test16_Tier1PotionAvailability" classname="ShadowLabyrinthTest" time="0.0"/>
  <testcase name="test31_EnemyHPTier1" classname="ShadowLabyrinthTest" time="0.0"/>
  <testcase name="test23_InsufficientFundsPotion" classname="ShadowLabyrinthTest" time="0.002">
    <system-out><![CDATA[Not enough coins!
]]></system-out>
  </testcase>
  <testcase name="test21_InsufficientFundsWeapon" classname="ShadowLabyrinthTest" time="0.001">
    <system-out><![CDATA[Not enough coins!
]]></system-out>
  </testcase>
  <testcase name="test65_Tier1WeaponCost" classname="ShadowLabyrinthTest" time="0.0"/>
  <testcase name="test67_Tier1PotionCost" classname="ShadowLabyrinthTest" time="0.0"/>
  <testcase name="test30_UltraPotionHealing" classname="ShadowLabyrinthTest" time="0.0"/>
  <testcase name="testBossAttackPattern" classname="ShadowLabyrinthTest" time="0.014">
    <system-out><![CDATA[
Boss attack pattern with seed 12345:
Attack 1: RIGHT
Attack 2: LEFT
Attack 3: LEFT
]]></system-out>
  </testcase>
  <testcase name="test26_SmallPotionHealing" classname="ShadowLabyrinthTest" time="0.0"/>
  <testcase name="test57_ArmorPurchaseTracking" classname="ShadowLabyrinthTest" time="1.474">
    <system-out><![CDATA[You purchased and equipped Stick Armor!
]]></system-out>
  </testcase>
  <testcase name="test70_FinalBossRoom" classname="ShadowLabyrinthTest" time="0.0"/>
  <testcase name="test52_NegativeCoins" classname="ShadowLabyrinthTest" time="0.001">
    <system-out><![CDATA[Not enough coins!
]]></system-out>
  </testcase>
  <testcase name="test14_Tier1ArmorAvailability" classname="ShadowLabyrinthTest" time="0.0"/>
  <testcase name="test55_EmptyPotionUse" classname="ShadowLabyrinthTest" time="0.001">
    <system-out><![CDATA[No potions available!
]]></system-out>
  </testcase>
  <testcase name="test58_MultiplePurchaseTracking" classname="ShadowLabyrinthTest" time="2.451">
    <system-out><![CDATA[You purchased Stick Sword!
You purchased and equipped Stick Armor!
]]></system-out>
  </testcase>
  <testcase name="test56_WeaponPurchaseTracking" classname="ShadowLabyrinthTest" time="0.98">
    <system-out><![CDATA[You purchased Stick Sword!
]]></system-out>
  </testcase>
  <testcase name="test69_MaxArmorReduction" classname="ShadowLabyrinthTest" time="1.624">
    <system-out><![CDATA[You purchased and equipped Legendary Armor!
]]></system-out>
  </testcase>
  <testcase name="test50_MaxTierArmorStats" classname="ShadowLabyrinthTest" time="0.0"/>
  <testcase name="test62_VictoryStateChange" classname="ShadowLabyrinthTest" time="0.0"/>
  <testcase name="test11_Tier1WeaponAvailability" classname="ShadowLabyrinthTest" time="0.0"/>
  <testcase name="test44_WeaponDamageUpdate" classname="ShadowLabyrinthTest" time="0.984">
    <system-out><![CDATA[You purchased Steel Sword!
]]></system-out>
  </testcase>
  <testcase name="test41_BasePlayerDamage" classname="ShadowLabyrinthTest" time="0.0"/>
  <testcase name="test25_DuplicateArmorPurchase" classname="ShadowLabyrinthTest" time="1.471">
    <system-out><![CDATA[You purchased and equipped Stick Armor!
You already own this armor!
]]></system-out>
  </testcase>
  <testcase name="test54_InvalidPotionName" classname="ShadowLabyrinthTest" time="0.0"/>
  <testcase name="test3_InitialRoom" classname="ShadowLabyrinthTest" time="0.0"/>
  <testcase name="test1_InitialPlayerHP" classname="ShadowLabyrinthTest" time="0.0"/>
  <testcase name="test7_InitialArmorEquipped" classname="ShadowLabyrinthTest" time="0.0"/>
  <testcase name="testRoomConnections" classname="ShadowLabyrinthTest" time="0.0"/>
  <testcase name="testTimers" classname="ShadowLabyrinthTest" time="0.001"/>
  <testcase name="test45_ArmorReductionUpdate" classname="ShadowLabyrinthTest" time="1.523">
    <system-out><![CDATA[You purchased and equipped Silver Armor!
]]></system-out>
  </testcase>
  <testcase name="test18_WeaponPurchaseSuccess" classname="ShadowLabyrinthTest" time="0.976">
    <system-out><![CDATA[You purchased Stick Sword!
]]></system-out>
  </testcase>
  <testcase name="test51_ZeroHPState" classname="ShadowLabyrinthTest" time="0.0"/>
  <testcase name="test49_MaxTierWeaponStats" classname="ShadowLabyrinthTest" time="0.0"/>
  <testcase name="test68_MaxWeaponDamage" classname="ShadowLabyrinthTest" time="1.018">
    <system-out><![CDATA[You purchased Shadow Sword!
]]></system-out>
  </testcase>
  <testcase name="test40_Tier2PotionsUnlock" classname="ShadowLabyrinthTest" time="0.0"/>
  <testcase name="test35_EnemyHPTier5" classname="ShadowLabyrinthTest" time="0.0"/>
  <testcase name="test37_Tier3WeaponsUnlock" classname="ShadowLabyrinthTest" time="0.0"/>
  <testcase name="test27_MediumPotionHealing" classname="ShadowLabyrinthTest" time="0.0"/>
  <testcase name="test53_MaxRoomNumber" classname="ShadowLabyrinthTest" time="0.0"/>
  <testcase name="test24_DuplicateWeaponPurchase" classname="ShadowLabyrinthTest" time="0.984">
    <system-out><![CDATA[You purchased Stick Sword!
You already own this weapon!
]]></system-out>
  </testcase>
  <testcase name="test9_InitialInventoryEmpty" classname="ShadowLabyrinthTest" time="0.0"/>
  <testcase name="test43_ArmorDamageReduction" classname="ShadowLabyrinthTest" time="0.0"/>
</testsuite>